# JRE version: OpenJDK Runtime Environment (8.0_152-b01) (build 1.8.0_152-release-915-b01)
# Java VM: OpenJDK 64-Bit Server VM (25.152-b01 mixed mode windows-amd64 compressed oops)
Heap:
 PSYoungGen      total 492544K, used 250880K [0x00000000e0000000, 0x00000000ffe80000, 0x0000000100000000)
  eden space 461824K, 52% used [0x00000000e0000000,0x00000000eebeee78,0x00000000fc300000)
  from space 30720K, 30% used [0x00000000fc300000,0x00000000fcc11378,0x00000000fe100000)
  to   space 29696K, 0% used [0x00000000fe180000,0x00000000fe180000,0x00000000ffe80000)
 ParOldGen       total 195584K, used 58613K [0x00000000a0000000, 0x00000000abf00000, 0x00000000e0000000)
  object space 195584K, 29% used [0x00000000a0000000,0x00000000a393d670,0x00000000abf00000)
 Metaspace       used 76198K, capacity 81012K, committed 81112K, reserved 1120256K
  class space    used 9799K, capacity 10987K, committed 11008K, reserved 1048576K
GC Heap History (10 events):
Event: 9.407 GC heap before
{Heap before GC invocations=12 (full 3):
 PSYoungGen      total 297984K, used 20640K [0x00000000e0000000, 0x00000000fc180000, 0x0000000100000000)
  eden space 271360K, 0% used [0x00000000e0000000,0x00000000e0000000,0x00000000f0900000)
  from space 26624K, 77% used [0x00000000f0900000,0x00000000f1d28210,0x00000000f2300000)
  to   space 28160K, 0% used [0x00000000fa600000,0x00000000fa600000,0x00000000fc180000)
 ParOldGen       total 138752K, used 35581K [0x00000000a0000000, 0x00000000a8780000, 0x00000000e0000000)
  object space 138752K, 25% used [0x00000000a0000000,0x00000000a22bf668,0x00000000a8780000)
 Metaspace       used 56844K, capacity 58864K, committed 59028K, reserved 1099776K
  class space    used 7709K, capacity 8192K, committed 8192K, reserved 1048576K
Event: 9.641 GC heap after
Heap after GC invocations=12 (full 3):
 PSYoungGen      total 297984K, used 0K [0x00000000e0000000, 0x00000000fc180000, 0x0000000100000000)
  eden space 271360K, 0% used [0x00000000e0000000,0x00000000e0000000,0x00000000f0900000)
  from space 26624K, 0% used [0x00000000f0900000,0x00000000f0900000,0x00000000f2300000)
  to   space 28160K, 0% used [0x00000000fa600000,0x00000000fa600000,0x00000000fc180000)
 ParOldGen       total 195584K, used 43861K [0x00000000a0000000, 0x00000000abf00000, 0x00000000e0000000)
  object space 195584K, 22% used [0x00000000a0000000,0x00000000a2ad5770,0x00000000abf00000)
 Metaspace       used 56821K, capacity 58776K, committed 59028K, reserved 1099776K
  class space    used 7702K, capacity 8184K, committed 8192K, reserved 1048576K
}
Event: 23.680 GC heap before
{Heap before GC invocations=13 (full 3):
 PSYoungGen      total 297984K, used 271360K [0x00000000e0000000, 0x00000000fc180000, 0x0000000100000000)
  eden space 271360K, 100% used [0x00000000e0000000,0x00000000f0900000,0x00000000f0900000)
  from space 26624K, 0% used [0x00000000f0900000,0x00000000f0900000,0x00000000f2300000)
  to   space 28160K, 0% used [0x00000000fa600000,0x00000000fa600000,0x00000000fc180000)
 ParOldGen       total 195584K, used 43861K [0x00000000a0000000, 0x00000000abf00000, 0x00000000e0000000)
  object space 195584K, 22% used [0x00000000a0000000,0x00000000a2ad5770,0x00000000abf00000)
 Metaspace       used 68008K, capacity 70864K, committed 71128K, reserved 1110016K
  class space    used 8958K, capacity 9672K, committed 9728K, reserved 1048576K
Event: 23.711 GC heap after
Heap after GC invocations=13 (full 3):
 PSYoungGen      total 399360K, used 25261K [0x00000000e0000000, 0x00000000fbf00000, 0x0000000100000000)
  eden space 373760K, 0% used [0x00000000e0000000,0x00000000e0000000,0x00000000f6d00000)
  from space 25600K, 98% used [0x00000000fa600000,0x00000000fbeab700,0x00000000fbf00000)
  to   space 31232K, 0% used [0x00000000f8200000,0x00000000f8200000,0x00000000fa080000)
 ParOldGen       total 195584K, used 43888K [0x00000000a0000000, 0x00000000abf00000, 0x00000000e0000000)
  object space 195584K, 22% used [0x00000000a0000000,0x00000000a2adc3c0,0x00000000abf00000)
 Metaspace       used 68008K, capacity 70864K, committed 71128K, reserved 1110016K
  class space    used 8958K, capacity 9672K, committed 9728K, reserved 1048576K
}
Event: 128.906 GC heap before
{Heap before GC invocations=14 (full 3):
 PSYoungGen      total 399360K, used 399021K [0x00000000e0000000, 0x00000000fbf00000, 0x0000000100000000)
  eden space 373760K, 100% used [0x00000000e0000000,0x00000000f6d00000,0x00000000f6d00000)
  from space 25600K, 98% used [0x00000000fa600000,0x00000000fbeab700,0x00000000fbf00000)
  to   space 31232K, 0% used [0x00000000f8200000,0x00000000f8200000,0x00000000fa080000)
 ParOldGen       total 195584K, used 43888K [0x00000000a0000000, 0x00000000abf00000, 0x00000000e0000000)
  object space 195584K, 22% used [0x00000000a0000000,0x00000000a2adc3c0,0x00000000abf00000)
 Metaspace       used 73455K, capacity 77052K, committed 77272K, reserved 1116160K
  class space    used 9528K, capacity 10399K, committed 10496K, reserved 1048576K
Event: 128.933 GC heap after
Heap after GC invocations=14 (full 3):
 PSYoungGen      total 426496K, used 6119K [0x00000000e0000000, 0x0000000100000000, 0x0000000100000000)
  eden space 395264K, 0% used [0x00000000e0000000,0x00000000e0000000,0x00000000f8200000)
  from space 31232K, 19% used [0x00000000f8200000,0x00000000f87f9f78,0x00000000fa080000)
  to   space 31232K, 0% used [0x00000000fe180000,0x00000000fe180000,0x0000000100000000)
 ParOldGen       total 195584K, used 54380K [0x00000000a0000000, 0x00000000abf00000, 0x00000000e0000000)
  object space 195584K, 27% used [0x00000000a0000000,0x00000000a351b068,0x00000000abf00000)
 Metaspace       used 73455K, capacity 77052K, committed 77272K, reserved 1116160K
  class space    used 9528K, capacity 10399K, committed 10496K, reserved 1048576K
}
Event: 1323.863 GC heap before
{Heap before GC invocations=15 (full 3):
 PSYoungGen      total 426496K, used 401383K [0x00000000e0000000, 0x0000000100000000, 0x0000000100000000)
  eden space 395264K, 100% used [0x00000000e0000000,0x00000000f8200000,0x00000000f8200000)
  from space 31232K, 19% used [0x00000000f8200000,0x00000000f87f9f78,0x00000000fa080000)
  to   space 31232K, 0% used [0x00000000fe180000,0x00000000fe180000,0x0000000100000000)
 ParOldGen       total 195584K, used 54380K [0x00000000a0000000, 0x00000000abf00000, 0x00000000e0000000)
  object space 195584K, 27% used [0x00000000a0000000,0x00000000a351b068,0x00000000abf00000)
 Metaspace       used 74686K, capacity 78870K, committed 79064K, reserved 1118208K
  class space    used 9642K, capacity 10671K, committed 10752K, reserved 1048576K
Event: 1323.872 GC heap after
Heap after GC invocations=15 (full 3):
 PSYoungGen      total 492032K, used 5593K [0x00000000e0000000, 0x00000000fff00000, 0x0000000100000000)
  eden space 461824K, 0% used [0x00000000e0000000,0x00000000e0000000,0x00000000fc300000)
  from space 30208K, 18% used [0x00000000fe180000,0x00000000fe6f67b0,0x00000000fff00000)
  to   space 30720K, 0% used [0x00000000fc300000,0x00000000fc300000,0x00000000fe100000)
 ParOldGen       total 195584K, used 57236K [0x00000000a0000000, 0x00000000abf00000, 0x00000000e0000000)
  object space 195584K, 29% used [0x00000000a0000000,0x00000000a37e53c8,0x00000000abf00000)
 Metaspace       used 74686K, capacity 78870K, committed 79064K, reserved 1118208K
  class space    used 9642K, capacity 10671K, committed 10752K, reserved 1048576K
}
Event: 4231.185 GC heap before
{Heap before GC invocations=16 (full 3):
 PSYoungGen      total 492032K, used 467417K [0x00000000e0000000, 0x00000000fff00000, 0x0000000100000000)
  eden space 461824K, 100% used [0x00000000e0000000,0x00000000fc300000,0x00000000fc300000)
  from space 30208K, 18% used [0x00000000fe180000,0x00000000fe6f67b0,0x00000000fff00000)
  to   space 30720K, 0% used [0x00000000fc300000,0x00000000fc300000,0x00000000fe100000)
 ParOldGen       total 195584K, used 57236K [0x00000000a0000000, 0x00000000abf00000, 0x00000000e0000000)
  object space 195584K, 29% used [0x00000000a0000000,0x00000000a37e53c8,0x00000000abf00000)
 Metaspace       used 75811K, capacity 80354K, committed 80600K, reserved 1118208K
  class space    used 9759K, capacity 10900K, committed 11008K, reserved 1048576K
Event: 4231.272 GC heap after
Heap after GC invocations=16 (full 3):
 PSYoungGen      total 492544K, used 9284K [0x00000000e0000000, 0x00000000ffe80000, 0x0000000100000000)
  eden space 461824K, 0% used [0x00000000e0000000,0x00000000e0000000,0x00000000fc300000)
  from space 30720K, 30% used [0x00000000fc300000,0x00000000fcc11378,0x00000000fe100000)
  to   space 29696K, 0% used [0x00000000fe180000,0x00000000fe180000,0x00000000ffe80000)
 ParOldGen       total 195584K, used 58613K [0x00000000a0000000, 0x00000000abf00000, 0x00000000e0000000)
  object space 195584K, 29% used [0x00000000a0000000,0x00000000a393d670,0x00000000abf00000)
 Metaspace       used 75811K, capacity 80354K, committed 80600K, reserved 1118208K
  class space    used 9759K, capacity 10900K, committed 11008K, reserved 1048576K
}

